{"uid":"40800a37aaee3955","name":"Playing battle ship game","fullName":"BattleShipGame/Battleship.Tests/Features/BattleShipGame/Playing battle ship game","historyId":"f6e79c10eeb41ad313d01200caaae2da","time":{"start":1769496390884,"stop":1769496450599,"duration":59715},"status":"failed","statusMessage":"Game did not end in victory.\nResult: Unknown\nReason: Unknown","statusTrace":"NUnit.Framework.AssertionException: Game did not end in victory.\nResult: Unknown\nReason: Unknown\r\n   at NUnit.Framework.Assert.ReportFailure(String message)\r\n   at NUnit.Framework.Assert.Fail(String message)\r\n   at BattleShipGame.Battleship.Tests.StepDefenitions.BattleShipGameSteps.<>c__DisplayClass5_0.<ThenIWillWaitPlayAGameUntilItsFinishedWithVictory>b__0() in D:\\a\\BattleShipGame\\BattleShipGame\\Battleship.Tests\\StepDefenitions\\BattleShipGameSteps.cs:line 85\r\n   at Allure.Net.Commons.AllureApi.<>c__DisplayClass44_0.<<Step>b__0>d.MoveNext()\r\n--- End of stack trace from previous location ---\r\n   at Allure.Net.Commons.AllureApi.ExecuteActionAsync[T](Action start, Func`1 action, Action`1 resolve)\r\n   at Allure.Net.Commons.AllureApi.ExecuteStepAsync[T](String name, Func`1 action)\r\n   at Allure.Net.Commons.AllureApi.Step(String name, Func`1 action)\r\n   at BattleShipGame.Battleship.Tests.StepDefenitions.BattleShipGameSteps.ThenIWillWaitPlayAGameUntilItsFinishedWithVictory() in D:\\a\\BattleShipGame\\BattleShipGame\\Battleship.Tests\\StepDefenitions\\BattleShipGameSteps.cs:line 45\r\n   at Reqnroll.Bindings.AsyncMethodHelper.ConvertTaskOfT(Task task, Boolean getValue)\r\n   at Reqnroll.Bindings.BindingDelegateInvoker.InvokeDelegateAsync(Delegate bindingDelegate, Object[] invokeArgs, ExecutionContextHolder executionContext)\r\n   at Reqnroll.Bindings.BindingInvoker.InvokeBindingAsync(IBinding binding, IContextManager contextManager, Object[] arguments, ITestTracer testTracer, DurationHolder durationHolder)\r\n   at Reqnroll.Infrastructure.TestExecutionEngine.ExecuteStepMatchAsync(BindingMatch match, Object[] arguments, DurationHolder durationHolder)\r\n   at Reqnroll.Infrastructure.TestExecutionEngine.ExecuteStepMatchAsync(BindingMatch match, Object[] arguments, DurationHolder durationHolder)\r\n   at Reqnroll.Infrastructure.TestExecutionEngine.<>c__DisplayClass57_0.<<ExecuteStepAsync>b__7>d.MoveNext()\r\n--- End of stack trace from previous location ---\r\n   at Reqnroll.Infrastructure.TestExecutionEngine.<>c__DisplayClass57_0.<<ExecuteStepAsync>g__HandleStepExecutionExceptions|0>d.MoveNext()\r\n   at Reqnroll.Infrastructure.TestExecutionEngine.OnAfterLastStepAsync()\r\n   at Reqnroll.TestRunner.CollectScenarioErrorsAsync()\r\n   at Allure.ReqnrollPlugin.SelectiveRun.TestPlanAwareTestRunner.CollectScenarioErrorsAsync()\r\n   at BattleShipGame.Battleship_Tests.Features.BattleShipGameFeature.ScenarioCleanupAsync()\r\n   at BattleShipGame.Battleship_Tests.Features.BattleShipGameFeature.PlayingBattleShipGame() in D:\\a\\BattleShipGame\\BattleShipGame\\Battleship.Tests\\Features\\BattleShipGame.feature:line 11\r\n   at NUnit.Framework.Internal.TaskAwaitAdapter.GenericAdapter`1.BlockUntilCompleted()\r\n   at NUnit.Framework.Internal.MessagePumpStrategy.NoMessagePumpStrategy.WaitForCompletion(AwaitAdapter awaiter)\r\n   at NUnit.Framework.Internal.AsyncToSyncAdapter.Await[TResult](TestExecutionContext context, Func`1 invoke)\r\n   at NUnit.Framework.Internal.AsyncToSyncAdapter.Await(TestExecutionContext context, Func`1 invoke)\r\n   at NUnit.Framework.Internal.Commands.TestMethodCommand.RunTestMethod(TestExecutionContext context)\r\n   at NUnit.Framework.Internal.Commands.TestMethodCommand.Execute(TestExecutionContext context)\r\n   at NUnit.Framework.Internal.Commands.BeforeAndAfterTestCommand.<>c__DisplayClass1_0.<Execute>b__0()\r\n   at NUnit.Framework.Internal.Commands.DelegatingTestCommand.RunTestMethodInThreadAbortSafeZone(TestExecutionContext context, Action action)","flaky":false,"newFailed":false,"newBroken":false,"newPassed":false,"retriesCount":0,"retriesStatusChange":false,"beforeStages":[{"name":"Hooks.BeforeScenario()","time":{"start":1769496384608,"stop":1769496390882,"duration":6274},"status":"passed","steps":[],"attachments":[],"parameters":[],"attachmentsCount":0,"shouldDisplayMessage":false,"hasContent":false,"attachmentStep":false,"stepsCount":0}],"testStage":{"status":"failed","statusMessage":"Game did not end in victory.\nResult: Unknown\nReason: Unknown","statusTrace":"NUnit.Framework.AssertionException: Game did not end in victory.\nResult: Unknown\nReason: Unknown\r\n   at NUnit.Framework.Assert.ReportFailure(String message)\r\n   at NUnit.Framework.Assert.Fail(String message)\r\n   at BattleShipGame.Battleship.Tests.StepDefenitions.BattleShipGameSteps.<>c__DisplayClass5_0.<ThenIWillWaitPlayAGameUntilItsFinishedWithVictory>b__0() in D:\\a\\BattleShipGame\\BattleShipGame\\Battleship.Tests\\StepDefenitions\\BattleShipGameSteps.cs:line 85\r\n   at Allure.Net.Commons.AllureApi.<>c__DisplayClass44_0.<<Step>b__0>d.MoveNext()\r\n--- End of stack trace from previous location ---\r\n   at Allure.Net.Commons.AllureApi.ExecuteActionAsync[T](Action start, Func`1 action, Action`1 resolve)\r\n   at Allure.Net.Commons.AllureApi.ExecuteStepAsync[T](String name, Func`1 action)\r\n   at Allure.Net.Commons.AllureApi.Step(String name, Func`1 action)\r\n   at BattleShipGame.Battleship.Tests.StepDefenitions.BattleShipGameSteps.ThenIWillWaitPlayAGameUntilItsFinishedWithVictory() in D:\\a\\BattleShipGame\\BattleShipGame\\Battleship.Tests\\StepDefenitions\\BattleShipGameSteps.cs:line 45\r\n   at Reqnroll.Bindings.AsyncMethodHelper.ConvertTaskOfT(Task task, Boolean getValue)\r\n   at Reqnroll.Bindings.BindingDelegateInvoker.InvokeDelegateAsync(Delegate bindingDelegate, Object[] invokeArgs, ExecutionContextHolder executionContext)\r\n   at Reqnroll.Bindings.BindingInvoker.InvokeBindingAsync(IBinding binding, IContextManager contextManager, Object[] arguments, ITestTracer testTracer, DurationHolder durationHolder)\r\n   at Reqnroll.Infrastructure.TestExecutionEngine.ExecuteStepMatchAsync(BindingMatch match, Object[] arguments, DurationHolder durationHolder)\r\n   at Reqnroll.Infrastructure.TestExecutionEngine.ExecuteStepMatchAsync(BindingMatch match, Object[] arguments, DurationHolder durationHolder)\r\n   at Reqnroll.Infrastructure.TestExecutionEngine.<>c__DisplayClass57_0.<<ExecuteStepAsync>b__7>d.MoveNext()\r\n--- End of stack trace from previous location ---\r\n   at Reqnroll.Infrastructure.TestExecutionEngine.<>c__DisplayClass57_0.<<ExecuteStepAsync>g__HandleStepExecutionExceptions|0>d.MoveNext()\r\n   at Reqnroll.Infrastructure.TestExecutionEngine.OnAfterLastStepAsync()\r\n   at Reqnroll.TestRunner.CollectScenarioErrorsAsync()\r\n   at Allure.ReqnrollPlugin.SelectiveRun.TestPlanAwareTestRunner.CollectScenarioErrorsAsync()\r\n   at BattleShipGame.Battleship_Tests.Features.BattleShipGameFeature.ScenarioCleanupAsync()\r\n   at BattleShipGame.Battleship_Tests.Features.BattleShipGameFeature.PlayingBattleShipGame() in D:\\a\\BattleShipGame\\BattleShipGame\\Battleship.Tests\\Features\\BattleShipGame.feature:line 11\r\n   at NUnit.Framework.Internal.TaskAwaitAdapter.GenericAdapter`1.BlockUntilCompleted()\r\n   at NUnit.Framework.Internal.MessagePumpStrategy.NoMessagePumpStrategy.WaitForCompletion(AwaitAdapter awaiter)\r\n   at NUnit.Framework.Internal.AsyncToSyncAdapter.Await[TResult](TestExecutionContext context, Func`1 invoke)\r\n   at NUnit.Framework.Internal.AsyncToSyncAdapter.Await(TestExecutionContext context, Func`1 invoke)\r\n   at NUnit.Framework.Internal.Commands.TestMethodCommand.RunTestMethod(TestExecutionContext context)\r\n   at NUnit.Framework.Internal.Commands.TestMethodCommand.Execute(TestExecutionContext context)\r\n   at NUnit.Framework.Internal.Commands.BeforeAndAfterTestCommand.<>c__DisplayClass1_0.<Execute>b__0()\r\n   at NUnit.Framework.Internal.Commands.DelegatingTestCommand.RunTestMethodInThreadAbortSafeZone(TestExecutionContext context, Action action)","steps":[{"name":"Given I open Battle Ship online game","time":{"start":1769496390899,"stop":1769496396270,"duration":5371},"status":"passed","steps":[],"attachments":[],"parameters":[],"attachmentsCount":0,"shouldDisplayMessage":false,"hasContent":false,"attachmentStep":false,"stepsCount":0},{"name":"When I click play button to start game","time":{"start":1769496396274,"stop":1769496396844,"duration":570},"status":"passed","steps":[],"attachments":[],"parameters":[],"attachmentsCount":0,"shouldDisplayMessage":false,"hasContent":false,"attachmentStep":false,"stepsCount":0},{"name":"Then I will play a game until it's finished with victory","time":{"start":1769496396847,"stop":1769496450593,"duration":53746},"status":"failed","statusMessage":"Game did not end in victory.\nResult: Unknown\nReason: Unknown","statusTrace":"NUnit.Framework.AssertionException: Game did not end in victory.\nResult: Unknown\nReason: Unknown\r\n   at NUnit.Framework.Assert.ReportFailure(String message)\r\n   at NUnit.Framework.Assert.Fail(String message)\r\n   at BattleShipGame.Battleship.Tests.StepDefenitions.BattleShipGameSteps.<>c__DisplayClass5_0.<ThenIWillWaitPlayAGameUntilItsFinishedWithVictory>b__0() in D:\\a\\BattleShipGame\\BattleShipGame\\Battleship.Tests\\StepDefenitions\\BattleShipGameSteps.cs:line 85\r\n   at Allure.Net.Commons.AllureApi.<>c__DisplayClass44_0.<<Step>b__0>d.MoveNext()\r\n--- End of stack trace from previous location ---\r\n   at Allure.Net.Commons.AllureApi.ExecuteActionAsync[T](Action start, Func`1 action, Action`1 resolve)\r\n   at Allure.Net.Commons.AllureApi.ExecuteStepAsync[T](String name, Func`1 action)\r\n   at Allure.Net.Commons.AllureApi.Step(String name, Func`1 action)\r\n   at BattleShipGame.Battleship.Tests.StepDefenitions.BattleShipGameSteps.ThenIWillWaitPlayAGameUntilItsFinishedWithVictory() in D:\\a\\BattleShipGame\\BattleShipGame\\Battleship.Tests\\StepDefenitions\\BattleShipGameSteps.cs:line 45\r\n   at Reqnroll.Bindings.AsyncMethodHelper.ConvertTaskOfT(Task task, Boolean getValue)\r\n   at Reqnroll.Bindings.BindingDelegateInvoker.InvokeDelegateAsync(Delegate bindingDelegate, Object[] invokeArgs, ExecutionContextHolder executionContext)\r\n   at Reqnroll.Bindings.BindingInvoker.InvokeBindingAsync(IBinding binding, IContextManager contextManager, Object[] arguments, ITestTracer testTracer, DurationHolder durationHolder)\r\n   at Reqnroll.Infrastructure.TestExecutionEngine.ExecuteStepMatchAsync(BindingMatch match, Object[] arguments, DurationHolder durationHolder)\r\n   at Reqnroll.Infrastructure.TestExecutionEngine.ExecuteStepMatchAsync(BindingMatch match, Object[] arguments, DurationHolder durationHolder)\r\n   at Reqnroll.Infrastructure.TestExecutionEngine.<>c__DisplayClass57_0.<<ExecuteStepAsync>b__7>d.MoveNext()\r\n--- End of stack trace from previous location ---\r\n   at Reqnroll.Infrastructure.TestExecutionEngine.<>c__DisplayClass57_0.<<ExecuteStepAsync>g__HandleStepExecutionExceptions|0>d.MoveNext()","steps":[{"name":"Play full Battleship game","time":{"start":1769496396860,"stop":1769496450571,"duration":53711},"status":"passed","steps":[],"attachments":[],"parameters":[],"attachmentsCount":0,"shouldDisplayMessage":false,"hasContent":false,"attachmentStep":false,"stepsCount":0},{"name":"Verify game result","time":{"start":1769496450573,"stop":1769496450591,"duration":18},"status":"failed","statusMessage":"Game did not end in victory.\nResult: Unknown\nReason: Unknown","statusTrace":"NUnit.Framework.AssertionException: Game did not end in victory.\nResult: Unknown\nReason: Unknown\r\n   at NUnit.Framework.Assert.ReportFailure(String message)\r\n   at NUnit.Framework.Assert.Fail(String message)\r\n   at BattleShipGame.Battleship.Tests.StepDefenitions.BattleShipGameSteps.<>c__DisplayClass5_0.<ThenIWillWaitPlayAGameUntilItsFinishedWithVictory>b__0() in D:\\a\\BattleShipGame\\BattleShipGame\\Battleship.Tests\\StepDefenitions\\BattleShipGameSteps.cs:line 85\r\n   at Allure.Net.Commons.AllureApi.<>c__DisplayClass44_0.<<Step>b__0>d.MoveNext()\r\n--- End of stack trace from previous location ---\r\n   at Allure.Net.Commons.AllureApi.ExecuteActionAsync[T](Action start, Func`1 action, Action`1 resolve)","steps":[],"attachments":[{"uid":"3c4d9a5122bfeeaf","name":"Game Result Summary","source":"3c4d9a5122bfeeaf.txt","type":"text/plain","size":44},{"uid":"9dca9c25d5f984f1","name":"Failure Details","source":"9dca9c25d5f984f1.txt","type":"text/plain","size":60}],"parameters":[],"attachmentsCount":2,"shouldDisplayMessage":true,"hasContent":true,"attachmentStep":false,"stepsCount":0}],"attachments":[],"parameters":[],"attachmentsCount":2,"shouldDisplayMessage":false,"hasContent":true,"attachmentStep":false,"stepsCount":2}],"attachments":[],"parameters":[],"attachmentsCount":2,"shouldDisplayMessage":false,"hasContent":true,"attachmentStep":false,"stepsCount":5},"afterStages":[{"name":"Hooks.AfterScenario()","time":{"start":1769496450602,"stop":1769496450957,"duration":355},"status":"passed","steps":[],"attachments":[{"uid":"cd5b3ab7bea6d0ae","name":"Failure Screenshot","source":"cd5b3ab7bea6d0ae.png","type":"image/png","size":38798},{"uid":"8c3de6f2a3020448","name":"Test Failure Details","source":"8c3de6f2a3020448.txt","type":"text/plain","size":60}],"parameters":[],"attachmentsCount":2,"shouldDisplayMessage":false,"hasContent":true,"attachmentStep":false,"stepsCount":0}],"labels":[{"name":"host","value":"runnervmxfv8o"},{"name":"thread","value":"NUnit.Fw.NonParallelWorker"},{"name":"language","value":"C#"},{"name":"framework","value":"Reqnroll"},{"name":"package","value":"Battleship.Tests.Features.BattleShipGame"},{"name":"feature","value":"BattleShipGame"},{"name":"story","value":"PlayGame"},{"name":"epic","value":"WebGame"},{"name":"resultFormat","value":"allure2"}],"parameters":[],"links":[],"hidden":false,"retry":false,"extra":{"severity":"normal","retries":[],"categories":[{"name":"Product defects","matchedStatuses":[],"flaky":false}],"history":{"statistic":{"failed":3,"broken":0,"skipped":0,"passed":1,"unknown":0,"total":4},"items":[{"uid":"d71298ea5aa68f17","status":"failed","statusDetails":"Game did not end in victory.\nResult: OpponentLeft\nReason: OpponentLeft","time":{"start":1769427032017,"stop":1769427114166,"duration":82149}},{"uid":"9c4777c589393268","status":"failed","statusDetails":"Game did not end in victory.\nResult: OpponentLeft\nReason: OpponentLeft","time":{"start":1769388959695,"stop":1769388994358,"duration":34663}},{"uid":"b0bda586c85eb1e6","status":"passed","time":{"start":1769388210935,"stop":1769388520187,"duration":309252}}]},"tags":[]},"source":"40800a37aaee3955.json","parameterValues":[]}